<?xml version="1.0" encoding="UTF-8"?>
<!-- Generated by org.testng.reporters.JUnitReportReporter -->
<testsuite hostname="vipin-HP-1" name="com.automation.bizcover.tests.runners.TestRunner" tests="1" failures="0" timestamp="21 Jul 2019 06:25:52 GMT" time="19.860" errors="0">
  <testcase name="feature" time="19.860" classname="com.automation.bizcover.tests.runners.TestRunner"/>
</testsuite> <!-- com.automation.bizcover.tests.runners.TestRunner -->
